<?xml version="1.0" encoding="UTF-8"?>
<!-- Generated by org.testng.reporters.JUnitReportReporter -->
<testsuite hostname="Win7Entx64VM" name="Suite.Suiteclass" tests="1" failures="0" timestamp="10 Aug 2017 03:42:08 GMT" time="7.907" errors="0">
  <testcase name="M" time="7.907" classname="Suite.Suiteclass"/>
</testsuite> <!-- Suite.Suiteclass -->
